<?xml version="1.0" encoding="UTF-8" ?>
<testsuite tests="5" failures="2" name="com.cucumber.MavenCucumberPrototype.RunnerTest" time="0.02" errors="0" skipped="1">
  <properties>
[...]
</properties>
  <testcase classname="| unit | unit |" name="Given Login to Flipart" time="0"/>
  <testcase classname="| unit | unit |" name="When Search &quot;unit&quot; item" time="0"/>
  <testcase classname="| unit | unit |" name="Then then &quot;unit&quot; are displayed" time="0.006">
    <failure type="junit.framework.AssertionFailedError">junit.framework.AssertionFailedError
	at junit.framework.Assert.fail(Assert.java:55)
	at junit.framework.Assert.assertTrue(Assert.java:22)
	at junit.framework.Assert.assertTrue(Assert.java:31)
	at com.cucumber.MavenCucumberPrototype.StepDefinitions.this_is_third_step(StepDefinitions.java:57)
	at ✽.Then then &quot;unit&quot; are displayed(myFeature.feature:7)
</failure>
    <system-out>unit
Unit - Buy Products Online at Best Price in India - All Categories | Flipkart.com
</system-out>
  </testcase>
  <testcase classname="| unit | unit |" name="| unit | unit |" time="0.007">
    <failure type="junit.framework.AssertionFailedError">junit.framework.AssertionFailedError
	at junit.framework.Assert.fail(Assert.java:55)
	at junit.framework.Assert.assertTrue(Assert.java:22)
	at junit.framework.Assert.assertTrue(Assert.java:31)
	at com.cucumber.MavenCucumberPrototype.StepDefinitions.this_is_third_step(StepDefinitions.java:57)
	at ✽.Then then &quot;unit&quot; are displayed(myFeature.feature:7)
</failure>
  </testcase>
  <testcase classname="| unit | unit |" name="And Page is closed" time="0.007">
    <skipped/>
  </testcase>
</testsuite>